[0324/171741.652:INFO:CONSOLE(2)] "jQuery.Deferred exception: homeSlider.owlCarousel is not a function TypeError: homeSlider.owlCarousel is not a function
    at initHomeSlider (http://localhost:8000/js/custom.js:101:15)
    at HTMLDocument.<anonymous> (http://localhost:8000/js/custom.js:46:2)
    at j (http://localhost:8000/js/jquery-3.2.1.min.js:2:29999)
    at k (http://localhost:8000/js/jquery-3.2.1.min.js:2:30313) undefined", source: http://localhost:8000/js/jquery-3.2.1.min.js (2)
[0324/171741.653:INFO:CONSOLE(2)] "jQuery.Deferred exception: homeSlider.owlCarousel is not a function TypeError: homeSlider.owlCarousel is not a function
    at initHomeSlider (http://localhost:8000/js/custom.js:101:15)
    at HTMLDocument.<anonymous> (http://localhost:8000/js/custom.js:46:2)
    at j (http://localhost:8000/js/jquery-3.2.1.min.js:2:29999)
    at k (http://localhost:8000/js/jquery-3.2.1.min.js:2:30313) undefined", source: http://localhost:8000/js/jquery-3.2.1.min.js (2)
[0324/171741.657:INFO:CONSOLE(2)] "Uncaught TypeError: homeSlider.owlCarousel is not a function", source: http://localhost:8000/js/jquery-3.2.1.min.js (2)
[0324/171741.657:INFO:CONSOLE(2)] "Uncaught TypeError: homeSlider.owlCarousel is not a function", source: http://localhost:8000/js/jquery-3.2.1.min.js (2)
[0324/171741.840:INFO:CONSOLE(0)] "Access to XMLHttpRequest at 'http://127.0.0.1:8000/_wdt/949a8d' from origin 'http://localhost:8000' has been blocked by CORS policy: Response to preflight request doesn't pass access control check: It does not have HTTP ok status.", source: http://localhost:8000/ (0)
[0324/171742.090:INFO:CONSOLE(0)] "Access to XMLHttpRequest at 'http://127.0.0.1:8000/_wdt/7f421c' from origin 'http://localhost:8000' has been blocked by CORS policy: Response to preflight request doesn't pass access control check: It does not have HTTP ok status.", source: http://localhost:8000/ (0)
[0324/193400.911:INFO:CONSOLE(2)] "jQuery.Deferred exception: homeSlider.owlCarousel is not a function TypeError: homeSlider.owlCarousel is not a function
    at initHomeSlider (http://localhost:8000/js/custom.js:101:15)
    at HTMLDocument.<anonymous> (http://localhost:8000/js/custom.js:46:2)
    at j (http://localhost:8000/js/jquery-3.2.1.min.js:2:29999)
    at k (http://localhost:8000/js/jquery-3.2.1.min.js:2:30313) undefined", source: http://localhost:8000/js/jquery-3.2.1.min.js (2)
[0324/193400.912:INFO:CONSOLE(2)] "jQuery.Deferred exception: homeSlider.owlCarousel is not a function TypeError: homeSlider.owlCarousel is not a function
    at initHomeSlider (http://localhost:8000/js/custom.js:101:15)
    at HTMLDocument.<anonymous> (http://localhost:8000/js/custom.js:46:2)
    at j (http://localhost:8000/js/jquery-3.2.1.min.js:2:29999)
    at k (http://localhost:8000/js/jquery-3.2.1.min.js:2:30313) undefined", source: http://localhost:8000/js/jquery-3.2.1.min.js (2)
[0324/193400.916:INFO:CONSOLE(2)] "Uncaught TypeError: homeSlider.owlCarousel is not a function", source: http://localhost:8000/js/jquery-3.2.1.min.js (2)
[0324/193400.916:INFO:CONSOLE(2)] "Uncaught TypeError: homeSlider.owlCarousel is not a function", source: http://localhost:8000/js/jquery-3.2.1.min.js (2)
[0324/193401.109:INFO:CONSOLE(0)] "Access to XMLHttpRequest at 'http://127.0.0.1:8000/_wdt/949a8d' from origin 'http://localhost:8000' has been blocked by CORS policy: Response to preflight request doesn't pass access control check: It does not have HTTP ok status.", source: http://localhost:8000/ (0)
[0324/193401.320:INFO:CONSOLE(0)] "Access to XMLHttpRequest at 'http://127.0.0.1:8000/_wdt/9f4960' from origin 'http://localhost:8000' has been blocked by CORS policy: Response to preflight request doesn't pass access control check: It does not have HTTP ok status.", source: http://localhost:8000/ (0)
[0324/193640.697:INFO:CONSOLE(2)] "jQuery.Deferred exception: homeSlider.owlCarousel is not a function TypeError: homeSlider.owlCarousel is not a function
    at initHomeSlider (http://localhost:8000/js/custom.js:101:15)
    at HTMLDocument.<anonymous> (http://localhost:8000/js/custom.js:46:2)
    at j (http://localhost:8000/js/jquery-3.2.1.min.js:2:29999)
    at k (http://localhost:8000/js/jquery-3.2.1.min.js:2:30313) undefined", source: http://localhost:8000/js/jquery-3.2.1.min.js (2)
[0324/193640.697:INFO:CONSOLE(2)] "jQuery.Deferred exception: homeSlider.owlCarousel is not a function TypeError: homeSlider.owlCarousel is not a function
    at initHomeSlider (http://localhost:8000/js/custom.js:101:15)
    at HTMLDocument.<anonymous> (http://localhost:8000/js/custom.js:46:2)
    at j (http://localhost:8000/js/jquery-3.2.1.min.js:2:29999)
    at k (http://localhost:8000/js/jquery-3.2.1.min.js:2:30313) undefined", source: http://localhost:8000/js/jquery-3.2.1.min.js (2)
[0324/193640.701:INFO:CONSOLE(2)] "Uncaught TypeError: homeSlider.owlCarousel is not a function", source: http://localhost:8000/js/jquery-3.2.1.min.js (2)
[0324/193640.701:INFO:CONSOLE(2)] "Uncaught TypeError: homeSlider.owlCarousel is not a function", source: http://localhost:8000/js/jquery-3.2.1.min.js (2)
[0324/193640.882:INFO:CONSOLE(0)] "Access to XMLHttpRequest at 'http://127.0.0.1:8000/_wdt/949a8d' from origin 'http://localhost:8000' has been blocked by CORS policy: Response to preflight request doesn't pass access control check: It does not have HTTP ok status.", source: http://localhost:8000/ (0)
[0324/193641.082:INFO:CONSOLE(0)] "Access to XMLHttpRequest at 'http://127.0.0.1:8000/_wdt/30d717' from origin 'http://localhost:8000' has been blocked by CORS policy: Response to preflight request doesn't pass access control check: It does not have HTTP ok status.", source: http://localhost:8000/ (0)
[0324/193721.773:INFO:CONSOLE(0)] "A cookie associated with a cross-site resource at https://accounts.google.com/ was set without the `SameSite` attribute. A future release of Chrome will only deliver cookies with cross-site requests if they are set with `SameSite=None` and `Secure`. You can review cookies in developer tools under Application>Storage>Cookies and see more details at https://www.chromestatus.com/feature/5088147346030592 and https://www.chromestatus.com/feature/5633521622188032.", source: https://m.youtube.com/watch?v=N-N4ldA0lgA (0)
[0324/193721.774:INFO:CONSOLE(0)] "Refused to display 'https://accounts.google.com/ServiceLogin?ltmpl=mobile&service=youtube&uilel=3&passive=true&continue=https%3A%2F%2Fm.youtube.com%2Fsignin%3Faction_handle_signin%3Dtrue%26app%3Dm%26hl%3Den%26next%3D%252Fsignin_passive%26feature%3Dmobile_passive%26noapp%3D1&hl=en' in a frame because it set 'X-Frame-Options' to 'deny'.", source: https://m.youtube.com/watch?v=N-N4ldA0lgA (0)
[0324/193721.792:INFO:CONSOLE(0)] "Uncaught (in promise) NetworkError: A network error occurred.", source: https://m.youtube.com/watch?v=N-N4ldA0lgA (0)
[0324/193721.792:INFO:CONSOLE(0)] "Uncaught (in promise) NetworkError: A network error occurred.", source: https://m.youtube.com/watch?v=N-N4ldA0lgA (0)
[0324/193721.848:WARNING:spdy_session.cc(3365)] Received HEADERS for invalid stream 1
[0324/193721.866:WARNING:spdy_session.cc(3365)] Received HEADERS for invalid stream 3
[0324/193721.921:WARNING:spdy_session.cc(3365)] Received HEADERS for invalid stream 11
[0324/193829.703:INFO:CONSOLE(0)] "A cookie associated with a cross-site resource at https://accounts.google.com/ was set without the `SameSite` attribute. A future release of Chrome will only deliver cookies with cross-site requests if they are set with `SameSite=None` and `Secure`. You can review cookies in developer tools under Application>Storage>Cookies and see more details at https://www.chromestatus.com/feature/5088147346030592 and https://www.chromestatus.com/feature/5633521622188032.", source: https://m.youtube.com/watch?v=N-N4ldA0lgA (0)
[0324/193829.703:INFO:CONSOLE(0)] "Refused to display 'https://accounts.google.com/ServiceLogin?ltmpl=mobile&service=youtube&uilel=3&passive=true&continue=https%3A%2F%2Fm.youtube.com%2Fsignin%3Faction_handle_signin%3Dtrue%26app%3Dm%26hl%3Den%26next%3D%252Fsignin_passive%26feature%3Dmobile_passive%26noapp%3D1&hl=en' in a frame because it set 'X-Frame-Options' to 'deny'.", source: https://m.youtube.com/watch?v=N-N4ldA0lgA (0)
[0324/193829.718:INFO:CONSOLE(0)] "Uncaught (in promise) NetworkError: A network error occurred.", source: https://m.youtube.com/watch?v=N-N4ldA0lgA (0)
[0324/193829.718:INFO:CONSOLE(0)] "Uncaught (in promise) NetworkError: A network error occurred.", source: https://m.youtube.com/watch?v=N-N4ldA0lgA (0)
[0324/193829.759:WARNING:spdy_session.cc(3365)] Received HEADERS for invalid stream 11
[0324/193915.059:INFO:CONSOLE(2)] "jQuery.Deferred exception: homeSlider.owlCarousel is not a function TypeError: homeSlider.owlCarousel is not a function
    at initHomeSlider (http://localhost:8000/js/custom.js:101:15)
    at HTMLDocument.<anonymous> (http://localhost:8000/js/custom.js:46:2)
    at j (http://localhost:8000/js/jquery-3.2.1.min.js:2:29999)
    at k (http://localhost:8000/js/jquery-3.2.1.min.js:2:30313) undefined", source: http://localhost:8000/js/jquery-3.2.1.min.js (2)
[0324/193915.072:INFO:CONSOLE(2)] "jQuery.Deferred exception: homeSlider.owlCarousel is not a function TypeError: homeSlider.owlCarousel is not a function
    at initHomeSlider (http://localhost:8000/js/custom.js:101:15)
    at HTMLDocument.<anonymous> (http://localhost:8000/js/custom.js:46:2)
    at j (http://localhost:8000/js/jquery-3.2.1.min.js:2:29999)
    at k (http://localhost:8000/js/jquery-3.2.1.min.js:2:30313) undefined", source: http://localhost:8000/js/jquery-3.2.1.min.js (2)
[0324/193915.075:INFO:CONSOLE(2)] "Uncaught TypeError: homeSlider.owlCarousel is not a function", source: http://localhost:8000/js/jquery-3.2.1.min.js (2)
[0324/193915.075:INFO:CONSOLE(2)] "Uncaught TypeError: homeSlider.owlCarousel is not a function", source: http://localhost:8000/js/jquery-3.2.1.min.js (2)
[0324/193915.243:INFO:CONSOLE(0)] "Access to XMLHttpRequest at 'http://127.0.0.1:8000/_wdt/949a8d' from origin 'http://localhost:8000' has been blocked by CORS policy: Response to preflight request doesn't pass access control check: It does not have HTTP ok status.", source: http://localhost:8000/ (0)
[0324/193915.441:INFO:CONSOLE(0)] "Access to XMLHttpRequest at 'http://127.0.0.1:8000/_wdt/dd7115' from origin 'http://localhost:8000' has been blocked by CORS policy: Response to preflight request doesn't pass access control check: It does not have HTTP ok status.", source: http://localhost:8000/ (0)
[0324/193955.063:INFO:CONSOLE(2)] "jQuery.Deferred exception: homeSlider.owlCarousel is not a function TypeError: homeSlider.owlCarousel is not a function
    at initHomeSlider (http://localhost:8000/js/custom.js:101:15)
    at HTMLDocument.<anonymous> (http://localhost:8000/js/custom.js:46:2)
    at j (http://localhost:8000/js/jquery-3.2.1.min.js:2:29999)
    at k (http://localhost:8000/js/jquery-3.2.1.min.js:2:30313) undefined", source: http://localhost:8000/js/jquery-3.2.1.min.js (2)
[0324/193955.074:INFO:CONSOLE(2)] "jQuery.Deferred exception: homeSlider.owlCarousel is not a function TypeError: homeSlider.owlCarousel is not a function
    at initHomeSlider (http://localhost:8000/js/custom.js:101:15)
    at HTMLDocument.<anonymous> (http://localhost:8000/js/custom.js:46:2)
    at j (http://localhost:8000/js/jquery-3.2.1.min.js:2:29999)
    at k (http://localhost:8000/js/jquery-3.2.1.min.js:2:30313) undefined", source: http://localhost:8000/js/jquery-3.2.1.min.js (2)
[0324/193955.078:INFO:CONSOLE(2)] "Uncaught TypeError: homeSlider.owlCarousel is not a function", source: http://localhost:8000/js/jquery-3.2.1.min.js (2)
[0324/193955.078:INFO:CONSOLE(2)] "Uncaught TypeError: homeSlider.owlCarousel is not a function", source: http://localhost:8000/js/jquery-3.2.1.min.js (2)
[0324/193955.232:INFO:CONSOLE(0)] "Access to XMLHttpRequest at 'http://127.0.0.1:8000/_wdt/949a8d' from origin 'http://localhost:8000' has been blocked by CORS policy: Response to preflight request doesn't pass access control check: It does not have HTTP ok status.", source: http://localhost:8000/ (0)
[0324/193955.452:INFO:CONSOLE(0)] "Access to XMLHttpRequest at 'http://127.0.0.1:8000/_wdt/200b29' from origin 'http://localhost:8000' has been blocked by CORS policy: Response to preflight request doesn't pass access control check: It does not have HTTP ok status.", source: http://localhost:8000/ (0)
[0324/194044.035:INFO:CONSOLE(2)] "jQuery.Deferred exception: homeSlider.owlCarousel is not a function TypeError: homeSlider.owlCarousel is not a function
    at initHomeSlider (http://localhost:8000/js/custom.js:101:15)
    at HTMLDocument.<anonymous> (http://localhost:8000/js/custom.js:46:2)
    at j (http://localhost:8000/js/jquery-3.2.1.min.js:2:29999)
    at k (http://localhost:8000/js/jquery-3.2.1.min.js:2:30313) undefined", source: http://localhost:8000/js/jquery-3.2.1.min.js (2)
[0324/194044.036:INFO:CONSOLE(2)] "jQuery.Deferred exception: homeSlider.owlCarousel is not a function TypeError: homeSlider.owlCarousel is not a function
    at initHomeSlider (http://localhost:8000/js/custom.js:101:15)
    at HTMLDocument.<anonymous> (http://localhost:8000/js/custom.js:46:2)
    at j (http://localhost:8000/js/jquery-3.2.1.min.js:2:29999)
    at k (http://localhost:8000/js/jquery-3.2.1.min.js:2:30313) undefined", source: http://localhost:8000/js/jquery-3.2.1.min.js (2)
[0324/194044.040:INFO:CONSOLE(2)] "Uncaught TypeError: homeSlider.owlCarousel is not a function", source: http://localhost:8000/js/jquery-3.2.1.min.js (2)
[0324/194044.040:INFO:CONSOLE(2)] "Uncaught TypeError: homeSlider.owlCarousel is not a function", source: http://localhost:8000/js/jquery-3.2.1.min.js (2)
[0324/194044.232:INFO:CONSOLE(0)] "Access to XMLHttpRequest at 'http://127.0.0.1:8000/_wdt/949a8d' from origin 'http://localhost:8000' has been blocked by CORS policy: Response to preflight request doesn't pass access control check: It does not have HTTP ok status.", source: http://localhost:8000/ (0)
[0324/194044.465:INFO:CONSOLE(0)] "Access to XMLHttpRequest at 'http://127.0.0.1:8000/_wdt/e75d14' from origin 'http://localhost:8000' has been blocked by CORS policy: Response to preflight request doesn't pass access control check: It does not have HTTP ok status.", source: http://localhost:8000/ (0)
[0401/030030.293:INFO:CONSOLE(0)] "A cookie associated with a cross-site resource at https://accounts.google.com/ was set without the `SameSite` attribute. A future release of Chrome will only deliver cookies with cross-site requests if they are set with `SameSite=None` and `Secure`. You can review cookies in developer tools under Application>Storage>Cookies and see more details at https://www.chromestatus.com/feature/5088147346030592 and https://www.chromestatus.com/feature/5633521622188032.", source: https://m.youtube.com/watch?v=fujboh-W7Sk (0)
[0401/030030.325:INFO:CONSOLE(0)] "Refused to display 'https://accounts.google.com/ServiceLogin?ltmpl=mobile&service=youtube&uilel=3&passive=true&continue=https%3A%2F%2Fm.youtube.com%2Fsignin%3Faction_handle_signin%3Dtrue%26app%3Dm%26hl%3Den%26next%3D%252Fsignin_passive%26feature%3Dmobile_passive%26noapp%3D1&hl=en' in a frame because it set 'X-Frame-Options' to 'deny'.", source: https://m.youtube.com/watch?v=fujboh-W7Sk (0)
[0401/034146.339:INFO:CONSOLE(0)] "A cookie associated with a cross-site resource at https://accounts.google.com/ was set without the `SameSite` attribute. A future release of Chrome will only deliver cookies with cross-site requests if they are set with `SameSite=None` and `Secure`. You can review cookies in developer tools under Application>Storage>Cookies and see more details at https://www.chromestatus.com/feature/5088147346030592 and https://www.chromestatus.com/feature/5633521622188032.", source: https://m.youtube.com/watch?v=fujboh-W7Sk (0)
[0401/034146.340:INFO:CONSOLE(0)] "Refused to display 'https://accounts.google.com/ServiceLogin?ltmpl=mobile&service=youtube&uilel=3&passive=true&continue=https%3A%2F%2Fm.youtube.com%2Fsignin%3Faction_handle_signin%3Dtrue%26app%3Dm%26hl%3Den%26next%3D%252Fsignin_passive%26feature%3Dmobile_passive%26noapp%3D1&hl=en' in a frame because it set 'X-Frame-Options' to 'deny'.", source: https://m.youtube.com/watch?v=fujboh-W7Sk (0)
[0401/034146.376:WARNING:spdy_session.cc(3365)] Received HEADERS for invalid stream 19
[0429/195206.602:INFO:CONSOLE(0)] "A cookie associated with a cross-site resource at https://accounts.google.com/ was set without the `SameSite` attribute. A future release of Chrome will only deliver cookies with cross-site requests if they are set with `SameSite=None` and `Secure`. You can review cookies in developer tools under Application>Storage>Cookies and see more details at https://www.chromestatus.com/feature/5088147346030592 and https://www.chromestatus.com/feature/5633521622188032.", source: https://m.youtube.com/watch?v=to4IDjJVays (0)
[0429/195206.602:INFO:CONSOLE(0)] "Refused to display 'https://accounts.google.com/ServiceLogin?ltmpl=mobile&service=youtube&uilel=3&passive=true&continue=https%3A%2F%2Fm.youtube.com%2Fsignin%3Faction_handle_signin%3Dtrue%26app%3Dm%26hl%3Den%26next%3D%252Fsignin_passive%26feature%3Dmobile_passive%26noapp%3D1&hl=en' in a frame because it set 'X-Frame-Options' to 'deny'.", source: https://m.youtube.com/watch?v=to4IDjJVays (0)
[0429/195206.669:WARNING:spdy_session.cc(3365)] Received HEADERS for invalid stream 17
[0429/195230.112:ERROR:batching_media_log.cc(38)] MediaEvent: {"error":"FFmpegDemuxer: no supported streams"}
[0429/195230.115:ERROR:batching_media_log.cc(35)] MediaEvent: {"pipeline_error":14}
[0429/195230.279:ERROR:batching_media_log.cc(38)] MediaEvent: {"error":"FFmpegDemuxer: no supported streams"}
[0429/195230.279:ERROR:batching_media_log.cc(35)] MediaEvent: {"pipeline_error":14}
[0429/195231.795:ERROR:batching_media_log.cc(38)] MediaEvent: {"error":"FFmpegDemuxer: no supported streams"}
[0429/195231.796:ERROR:batching_media_log.cc(35)] MediaEvent: {"pipeline_error":14}
[0429/195232.038:ERROR:batching_media_log.cc(38)] MediaEvent: {"error":"FFmpegDemuxer: no supported streams"}
[0429/195232.038:ERROR:batching_media_log.cc(35)] MediaEvent: {"pipeline_error":14}
[0511/222257.527:INFO:CONSOLE(0)] "Refused to display 'https://www.google.com/maps/place/Tunis/data=!4m2!3m1!1s0x12fd337f5e7ef543:0xd671924e714a0275?sa=X&ved=2ahUKEwjJ_-uOgKv3AhXMi_0HHQz9CKMQ8gF6BAgNEAE' in a frame because it set 'X-Frame-Options' to 'sameorigin'.", source: http://127.0.0.1:8000/ (0)
[0511/222416.996:INFO:CONSOLE(0)] "Refused to display 'https://www.google.com/maps/place/Tunis/data=!4m2!3m1!1s0x12fd337f5e7ef543:0xd671924e714a0275?sa=X&ved=2ahUKEwjJ_-uOgKv3AhXMi_0HHQz9CKMQ8gF6BAgNEAE' in a frame because it set 'X-Frame-Options' to 'sameorigin'.", source: http://127.0.0.1:8000/ (0)
[0511/222417.048:WARNING:spdy_session.cc(3365)] Received HEADERS for invalid stream 1
[0511/222417.063:WARNING:spdy_session.cc(3365)] Received HEADERS for invalid stream 1
[0511/223018.387:INFO:CONSOLE(0)] "Refused to display 'https://www.google.com/maps/place/Tunis/data=!4m2!3m1!1s0x12fd337f5e7ef543:0xd671924e714a0275?sa=X&ved=2ahUKEwjJ_-uOgKv3AhXMi_0HHQz9CKMQ8gF6BAgNEAE' in a frame because it set 'X-Frame-Options' to 'sameorigin'.", source: http://127.0.0.1:8000/ (0)
[0511/224841.131:INFO:CONSOLE(0)] "Refused to display 'https://www.google.com/maps/place/Tunis/data=!4m2!3m1!1s0x12fd337f5e7ef543:0xd671924e714a0275?sa=X&ved=2ahUKEwjJ_-uOgKv3AhXMi_0HHQz9CKMQ8gF6BAgNEAE' in a frame because it set 'X-Frame-Options' to 'sameorigin'.", source: http://127.0.0.1:8000/ (0)
[0511/224925.468:INFO:CONSOLE(0)] "Refused to display 'https://www.google.com/maps/place/Tunis/data=!4m2!3m1!1s0x12fd337f5e7ef543:0xd671924e714a0275?sa=X&ved=2ahUKEwjJ_-uOgKv3AhXMi_0HHQz9CKMQ8gF6BAgNEAE' in a frame because it set 'X-Frame-Options' to 'sameorigin'.", source: http://127.0.0.1:8000/ (0)
[0511/224925.496:WARNING:spdy_session.cc(3365)] Received HEADERS for invalid stream 5
[0511/225427.195:INFO:CONSOLE(0)] "Refused to display 'https://www.google.com/maps/place/Tunis/data=!4m2!3m1!1s0x12fd337f5e7ef543:0xd671924e714a0275?sa=X&ved=2ahUKEwjJ_-uOgKv3AhXMi_0HHQz9CKMQ8gF6BAgNEAE' in a frame because it set 'X-Frame-Options' to 'sameorigin'.", source: http://127.0.0.1:8000/ (0)
[0511/230537.556:INFO:CONSOLE(0)] "Refused to display 'https://www.google.com/maps/place/Tunis/data=!4m2!3m1!1s0x12fd337f5e7ef543:0xd671924e714a0275?sa=X&ved=2ahUKEwjJ_-uOgKv3AhXMi_0HHQz9CKMQ8gF6BAgNEAE' in a frame because it set 'X-Frame-Options' to 'sameorigin'.", source: http://127.0.0.1:8000/ (0)
[0511/230537.743:WARNING:spdy_session.cc(3365)] Received HEADERS for invalid stream 1
[0512/003222.137:INFO:CONSOLE(0)] "Refused to display 'https://www.google.com/maps/place/Tunis/data=!4m2!3m1!1s0x12fd337f5e7ef543:0xd671924e714a0275?sa=X&ved=2ahUKEwjJ_-uOgKv3AhXMi_0HHQz9CKMQ8gF6BAgNEAE' in a frame because it set 'X-Frame-Options' to 'sameorigin'.", source: http://127.0.0.1:8000/ (0)
[0512/003222.248:WARNING:spdy_session.cc(3365)] Received HEADERS for invalid stream 1
[0512/022442.614:INFO:CONSOLE(0)] "Refused to display 'https://www.google.com/maps/place/Tunis/data=!4m2!3m1!1s0x12fd337f5e7ef543:0xd671924e714a0275?sa=X&ved=2ahUKEwjJ_-uOgKv3AhXMi_0HHQz9CKMQ8gF6BAgNEAE' in a frame because it set 'X-Frame-Options' to 'sameorigin'.", source: http://127.0.0.1:8000/ (0)
[0512/022502.566:INFO:CONSOLE(662)] "Uncaught TypeError: Cannot read property 'top' of undefined", source: http://127.0.0.1:8000/ (662)
[0512/022903.541:INFO:CONSOLE(0)] "Refused to display 'https://www.google.com/maps/place/Tunis/data=!4m2!3m1!1s0x12fd337f5e7ef543:0xd671924e714a0275?sa=X&ved=2ahUKEwjJ_-uOgKv3AhXMi_0HHQz9CKMQ8gF6BAgNEAE' in a frame because it set 'X-Frame-Options' to 'sameorigin'.", source: http://127.0.0.1:8000/ (0)
[0512/144047.252:WARNING:dns_config_service_win.cc(700)] Failed to read DnsConfig.
[0512/144047.908:WARNING:dns_config_service_win.cc(700)] Failed to read DnsConfig.
[0512/144052.263:WARNING:dns_config_service_win.cc(700)] Failed to read DnsConfig.
[0512/144052.914:WARNING:dns_config_service_win.cc(700)] Failed to read DnsConfig.
[0512/144057.280:WARNING:dns_config_service_win.cc(700)] Failed to read DnsConfig.
[0512/144057.921:WARNING:dns_config_service_win.cc(700)] Failed to read DnsConfig.
[0512/144102.298:WARNING:dns_config_service_win.cc(700)] Failed to read DnsConfig.
[0512/144102.939:WARNING:dns_config_service_win.cc(700)] Failed to read DnsConfig.
[0512/144107.304:WARNING:dns_config_service_win.cc(700)] Failed to read DnsConfig.
[0512/144107.958:WARNING:dns_config_service_win.cc(700)] Failed to read DnsConfig.
[0512/144112.321:WARNING:dns_config_service_win.cc(700)] Failed to read DnsConfig.
[0512/144112.962:WARNING:dns_config_service_win.cc(700)] Failed to read DnsConfig.
[0512/144117.329:WARNING:dns_config_service_win.cc(700)] Failed to read DnsConfig.
[0512/144117.971:WARNING:dns_config_service_win.cc(700)] Failed to read DnsConfig.
[0512/144120.257:WARNING:dns_config_service_win.cc(700)] Failed to read DnsConfig.
[0512/144122.345:WARNING:dns_config_service_win.cc(700)] Failed to read DnsConfig.
[0512/144122.977:WARNING:dns_config_service_win.cc(700)] Failed to read DnsConfig.
[0512/144125.267:WARNING:dns_config_service_win.cc(700)] Failed to read DnsConfig.
[0512/144127.355:WARNING:dns_config_service_win.cc(700)] Failed to read DnsConfig.
[0512/144127.981:WARNING:dns_config_service_win.cc(700)] Failed to read DnsConfig.
[0512/144130.286:WARNING:dns_config_service_win.cc(700)] Failed to read DnsConfig.
[0512/144132.373:WARNING:dns_config_service_win.cc(700)] Failed to read DnsConfig.
[0512/144132.998:WARNING:dns_config_service_win.cc(700)] Failed to read DnsConfig.
[0512/144135.304:WARNING:dns_config_service_win.cc(700)] Failed to read DnsConfig.
[0512/144137.383:WARNING:dns_config_service_win.cc(700)] Failed to read DnsConfig.
[0512/144138.010:WARNING:dns_config_service_win.cc(700)] Failed to read DnsConfig.
[0512/144140.309:WARNING:dns_config_service_win.cc(700)] Failed to read DnsConfig.
[0512/144142.387:WARNING:dns_config_service_win.cc(700)] Failed to read DnsConfig.
[0512/144143.022:WARNING:dns_config_service_win.cc(700)] Failed to read DnsConfig.
[0512/144145.319:WARNING:dns_config_service_win.cc(700)] Failed to read DnsConfig.
[0512/144147.402:WARNING:dns_config_service_win.cc(700)] Failed to read DnsConfig.
[0512/144148.036:WARNING:dns_config_service_win.cc(700)] Failed to read DnsConfig.
[0512/144150.331:WARNING:dns_config_service_win.cc(700)] Failed to read DnsConfig.
[0512/144152.421:WARNING:dns_config_service_win.cc(700)] Failed to read DnsConfig.
[0512/144153.037:WARNING:dns_config_service_win.cc(700)] Failed to read DnsConfig.
[0512/144155.335:WARNING:dns_config_service_win.cc(700)] Failed to read DnsConfig.
[0512/144155.476:WARNING:dns_config_service_win.cc(700)] Failed to read DnsConfig.
[0512/144157.424:WARNING:dns_config_service_win.cc(700)] Failed to read DnsConfig.
[0512/144158.051:WARNING:dns_config_service_win.cc(700)] Failed to read DnsConfig.
[0512/144200.342:WARNING:dns_config_service_win.cc(700)] Failed to read DnsConfig.
[0512/144200.499:WARNING:dns_config_service_win.cc(700)] Failed to read DnsConfig.
[0512/144202.431:WARNING:dns_config_service_win.cc(700)] Failed to read DnsConfig.
[0512/144203.057:WARNING:dns_config_service_win.cc(700)] Failed to read DnsConfig.
[0512/144205.347:WARNING:dns_config_service_win.cc(700)] Failed to read DnsConfig.
[0512/144205.513:WARNING:dns_config_service_win.cc(700)] Failed to read DnsConfig.
[0512/144207.442:WARNING:dns_config_service_win.cc(700)] Failed to read DnsConfig.
[0512/144208.067:WARNING:dns_config_service_win.cc(700)] Failed to read DnsConfig.
[0512/144210.353:WARNING:dns_config_service_win.cc(700)] Failed to read DnsConfig.
[0512/144210.525:WARNING:dns_config_service_win.cc(700)] Failed to read DnsConfig.
[0512/144212.447:WARNING:dns_config_service_win.cc(700)] Failed to read DnsConfig.
[0512/144213.072:WARNING:dns_config_service_win.cc(700)] Failed to read DnsConfig.
[0512/150042.043:WARNING:dns_config_service_win.cc(700)] Failed to read DnsConfig.
[0512/150042.309:WARNING:dns_config_service_win.cc(700)] Failed to read DnsConfig.
[0512/150047.061:WARNING:dns_config_service_win.cc(700)] Failed to read DnsConfig.
[0512/150047.311:WARNING:dns_config_service_win.cc(700)] Failed to read DnsConfig.
[0512/150052.073:WARNING:dns_config_service_win.cc(700)] Failed to read DnsConfig.
[0512/150052.324:WARNING:dns_config_service_win.cc(700)] Failed to read DnsConfig.
[0512/150057.081:WARNING:dns_config_service_win.cc(700)] Failed to read DnsConfig.
[0512/150057.331:WARNING:dns_config_service_win.cc(700)] Failed to read DnsConfig.
[0512/150102.094:WARNING:dns_config_service_win.cc(700)] Failed to read DnsConfig.
[0512/150102.344:WARNING:dns_config_service_win.cc(700)] Failed to read DnsConfig.
[0512/150107.110:WARNING:dns_config_service_win.cc(700)] Failed to read DnsConfig.
[0512/150107.360:WARNING:dns_config_service_win.cc(700)] Failed to read DnsConfig.
[0512/150112.127:WARNING:dns_config_service_win.cc(700)] Failed to read DnsConfig.
[0512/150112.377:WARNING:dns_config_service_win.cc(700)] Failed to read DnsConfig.
[0512/150115.283:WARNING:dns_config_service_win.cc(700)] Failed to read DnsConfig.
[0512/150117.143:WARNING:dns_config_service_win.cc(700)] Failed to read DnsConfig.
[0512/150117.393:WARNING:dns_config_service_win.cc(700)] Failed to read DnsConfig.
[0512/150120.299:WARNING:dns_config_service_win.cc(700)] Failed to read DnsConfig.
[0512/150122.160:WARNING:dns_config_service_win.cc(700)] Failed to read DnsConfig.
[0512/150122.395:WARNING:dns_config_service_win.cc(700)] Failed to read DnsConfig.
[0512/150125.317:WARNING:dns_config_service_win.cc(700)] Failed to read DnsConfig.
[0512/150127.177:WARNING:dns_config_service_win.cc(700)] Failed to read DnsConfig.
[0512/150127.411:WARNING:dns_config_service_win.cc(700)] Failed to read DnsConfig.
[0512/150130.333:WARNING:dns_config_service_win.cc(700)] Failed to read DnsConfig.
[0512/150132.193:WARNING:dns_config_service_win.cc(700)] Failed to read DnsConfig.
[0512/150132.427:WARNING:dns_config_service_win.cc(700)] Failed to read DnsConfig.
[0512/150135.350:WARNING:dns_config_service_win.cc(700)] Failed to read DnsConfig.
[0512/150137.209:WARNING:dns_config_service_win.cc(700)] Failed to read DnsConfig.
[0512/150137.444:WARNING:dns_config_service_win.cc(700)] Failed to read DnsConfig.
[0512/150140.366:WARNING:dns_config_service_win.cc(700)] Failed to read DnsConfig.
[0512/150142.226:WARNING:dns_config_service_win.cc(700)] Failed to read DnsConfig.
[0512/150142.461:WARNING:dns_config_service_win.cc(700)] Failed to read DnsConfig.
[0512/150145.383:WARNING:dns_config_service_win.cc(700)] Failed to read DnsConfig.
[0512/150147.243:WARNING:dns_config_service_win.cc(700)] Failed to read DnsConfig.
[0512/150147.478:WARNING:dns_config_service_win.cc(700)] Failed to read DnsConfig.
[0512/150150.401:WARNING:dns_config_service_win.cc(700)] Failed to read DnsConfig.
[0512/150152.260:WARNING:dns_config_service_win.cc(700)] Failed to read DnsConfig.
[0512/150152.495:WARNING:dns_config_service_win.cc(700)] Failed to read DnsConfig.
[0512/150155.420:WARNING:dns_config_service_win.cc(700)] Failed to read DnsConfig.
[0512/150157.277:WARNING:dns_config_service_win.cc(700)] Failed to read DnsConfig.
[0512/150157.511:WARNING:dns_config_service_win.cc(700)] Failed to read DnsConfig.
[0512/150200.433:WARNING:dns_config_service_win.cc(700)] Failed to read DnsConfig.
[0512/150202.293:WARNING:dns_config_service_win.cc(700)] Failed to read DnsConfig.
[0512/150202.533:WARNING:dns_config_service_win.cc(700)] Failed to read DnsConfig.
[0512/150205.451:WARNING:dns_config_service_win.cc(700)] Failed to read DnsConfig.
[0512/150207.310:WARNING:dns_config_service_win.cc(700)] Failed to read DnsConfig.
[0512/150207.545:WARNING:dns_config_service_win.cc(700)] Failed to read DnsConfig.
[0512/150209.923:WARNING:dns_config_service_win.cc(700)] Failed to read DnsConfig.
[0512/150209.939:WARNING:dns_config_service_win.cc(700)] Failed to read DnsConfig.
[0512/150210.455:WARNING:dns_config_service_win.cc(700)] Failed to read DnsConfig.
[0512/150212.315:WARNING:dns_config_service_win.cc(700)] Failed to read DnsConfig.
[0512/150212.550:WARNING:dns_config_service_win.cc(700)] Failed to read DnsConfig.
[0512/150214.941:WARNING:dns_config_service_win.cc(700)] Failed to read DnsConfig.
[0512/150214.957:WARNING:dns_config_service_win.cc(700)] Failed to read DnsConfig.
[0512/150215.466:WARNING:dns_config_service_win.cc(700)] Failed to read DnsConfig.
[0512/150217.325:WARNING:dns_config_service_win.cc(700)] Failed to read DnsConfig.
[0512/150217.560:WARNING:dns_config_service_win.cc(700)] Failed to read DnsConfig.
[0512/150219.951:WARNING:dns_config_service_win.cc(700)] Failed to read DnsConfig.
[0512/150219.967:WARNING:dns_config_service_win.cc(700)] Failed to read DnsConfig.
[0512/150220.476:WARNING:dns_config_service_win.cc(700)] Failed to read DnsConfig.
[0512/150222.336:WARNING:dns_config_service_win.cc(700)] Failed to read DnsConfig.
[0512/150222.570:WARNING:dns_config_service_win.cc(700)] Failed to read DnsConfig.
[0512/150224.962:WARNING:dns_config_service_win.cc(700)] Failed to read DnsConfig.
[0512/150224.978:WARNING:dns_config_service_win.cc(700)] Failed to read DnsConfig.
[0512/150225.493:WARNING:dns_config_service_win.cc(700)] Failed to read DnsConfig.
[0512/150227.354:WARNING:dns_config_service_win.cc(700)] Failed to read DnsConfig.
[0512/150227.588:WARNING:dns_config_service_win.cc(700)] Failed to read DnsConfig.
[0512/150229.979:WARNING:dns_config_service_win.cc(700)] Failed to read DnsConfig.
[0512/150230.003:WARNING:dns_config_service_win.cc(700)] Failed to read DnsConfig.
[0512/150230.503:WARNING:dns_config_service_win.cc(700)] Failed to read DnsConfig.
[0512/150232.363:WARNING:dns_config_service_win.cc(700)] Failed to read DnsConfig.
[0512/150232.598:WARNING:dns_config_service_win.cc(700)] Failed to read DnsConfig.
[0512/150234.989:WARNING:dns_config_service_win.cc(700)] Failed to read DnsConfig.
[0512/150235.013:WARNING:dns_config_service_win.cc(700)] Failed to read DnsConfig.
[0512/150235.513:WARNING:dns_config_service_win.cc(700)] Failed to read DnsConfig.
[0512/150237.372:WARNING:dns_config_service_win.cc(700)] Failed to read DnsConfig.
[0512/150237.607:WARNING:dns_config_service_win.cc(700)] Failed to read DnsConfig.
[0512/150239.998:WARNING:dns_config_service_win.cc(700)] Failed to read DnsConfig.
[0512/150240.022:WARNING:dns_config_service_win.cc(700)] Failed to read DnsConfig.
[0512/150240.522:WARNING:dns_config_service_win.cc(700)] Failed to read DnsConfig.
[0512/150242.381:WARNING:dns_config_service_win.cc(700)] Failed to read DnsConfig.
[0512/150242.616:WARNING:dns_config_service_win.cc(700)] Failed to read DnsConfig.
[0512/150245.006:WARNING:dns_config_service_win.cc(700)] Failed to read DnsConfig.
[0512/150245.030:WARNING:dns_config_service_win.cc(700)] Failed to read DnsConfig.
[0512/150245.530:WARNING:dns_config_service_win.cc(700)] Failed to read DnsConfig.
[0512/150247.390:WARNING:dns_config_service_win.cc(700)] Failed to read DnsConfig.
[0512/150247.624:WARNING:dns_config_service_win.cc(700)] Failed to read DnsConfig.
[0512/150250.014:WARNING:dns_config_service_win.cc(700)] Failed to read DnsConfig.
[0512/150250.038:WARNING:dns_config_service_win.cc(700)] Failed to read DnsConfig.
[0512/150250.538:WARNING:dns_config_service_win.cc(700)] Failed to read DnsConfig.
[0512/150252.398:WARNING:dns_config_service_win.cc(700)] Failed to read DnsConfig.
[0512/150252.632:WARNING:dns_config_service_win.cc(700)] Failed to read DnsConfig.
[0512/150255.023:WARNING:dns_config_service_win.cc(700)] Failed to read DnsConfig.
[0512/150255.046:WARNING:dns_config_service_win.cc(700)] Failed to read DnsConfig.
[0512/150255.546:WARNING:dns_config_service_win.cc(700)] Failed to read DnsConfig.
[0512/150257.406:WARNING:dns_config_service_win.cc(700)] Failed to read DnsConfig.
[0512/150257.640:WARNING:dns_config_service_win.cc(700)] Failed to read DnsConfig.
[0512/150300.032:WARNING:dns_config_service_win.cc(700)] Failed to read DnsConfig.
[0512/150300.055:WARNING:dns_config_service_win.cc(700)] Failed to read DnsConfig.
[0512/150300.555:WARNING:dns_config_service_win.cc(700)] Failed to read DnsConfig.
[0512/150302.415:WARNING:dns_config_service_win.cc(700)] Failed to read DnsConfig.
[0512/150302.650:WARNING:dns_config_service_win.cc(700)] Failed to read DnsConfig.
[0512/150305.040:WARNING:dns_config_service_win.cc(700)] Failed to read DnsConfig.
[0512/150305.064:WARNING:dns_config_service_win.cc(700)] Failed to read DnsConfig.
[0512/150305.564:WARNING:dns_config_service_win.cc(700)] Failed to read DnsConfig.
[0512/150307.424:WARNING:dns_config_service_win.cc(700)] Failed to read DnsConfig.
[0512/150307.658:WARNING:dns_config_service_win.cc(700)] Failed to read DnsConfig.
[0512/150310.048:WARNING:dns_config_service_win.cc(700)] Failed to read DnsConfig.
[0512/150310.072:WARNING:dns_config_service_win.cc(700)] Failed to read DnsConfig.
[0512/150310.572:WARNING:dns_config_service_win.cc(700)] Failed to read DnsConfig.
[0512/150312.432:WARNING:dns_config_service_win.cc(700)] Failed to read DnsConfig.
[0512/150312.666:WARNING:dns_config_service_win.cc(700)] Failed to read DnsConfig.
[0512/150315.058:WARNING:dns_config_service_win.cc(700)] Failed to read DnsConfig.
[0512/150315.082:WARNING:dns_config_service_win.cc(700)] Failed to read DnsConfig.
[0512/150315.582:WARNING:dns_config_service_win.cc(700)] Failed to read DnsConfig.
[0512/150317.443:WARNING:dns_config_service_win.cc(700)] Failed to read DnsConfig.
[0512/150317.677:WARNING:dns_config_service_win.cc(700)] Failed to read DnsConfig.
[0512/150320.068:WARNING:dns_config_service_win.cc(700)] Failed to read DnsConfig.
[0512/150320.092:WARNING:dns_config_service_win.cc(700)] Failed to read DnsConfig.
[0512/150320.592:WARNING:dns_config_service_win.cc(700)] Failed to read DnsConfig.
[0512/150322.452:WARNING:dns_config_service_win.cc(700)] Failed to read DnsConfig.
[0512/150322.686:WARNING:dns_config_service_win.cc(700)] Failed to read DnsConfig.
[0512/150325.078:WARNING:dns_config_service_win.cc(700)] Failed to read DnsConfig.
[0512/150325.102:WARNING:dns_config_service_win.cc(700)] Failed to read DnsConfig.
[0512/150325.602:WARNING:dns_config_service_win.cc(700)] Failed to read DnsConfig.
[0512/150327.461:WARNING:dns_config_service_win.cc(700)] Failed to read DnsConfig.
[0512/150327.696:WARNING:dns_config_service_win.cc(700)] Failed to read DnsConfig.
[0512/150330.087:WARNING:dns_config_service_win.cc(700)] Failed to read DnsConfig.
[0512/150330.111:WARNING:dns_config_service_win.cc(700)] Failed to read DnsConfig.
[0512/150330.611:WARNING:dns_config_service_win.cc(700)] Failed to read DnsConfig.
[0512/150332.470:WARNING:dns_config_service_win.cc(700)] Failed to read DnsConfig.
[0512/150332.705:WARNING:dns_config_service_win.cc(700)] Failed to read DnsConfig.
[0512/150335.096:WARNING:dns_config_service_win.cc(700)] Failed to read DnsConfig.
[0512/150335.120:WARNING:dns_config_service_win.cc(700)] Failed to read DnsConfig.
[0512/150335.620:WARNING:dns_config_service_win.cc(700)] Failed to read DnsConfig.
[0512/150337.480:WARNING:dns_config_service_win.cc(700)] Failed to read DnsConfig.
[0512/150337.714:WARNING:dns_config_service_win.cc(700)] Failed to read DnsConfig.
[0512/150340.105:WARNING:dns_config_service_win.cc(700)] Failed to read DnsConfig.
[0512/150340.128:WARNING:dns_config_service_win.cc(700)] Failed to read DnsConfig.
[0512/150340.628:WARNING:dns_config_service_win.cc(700)] Failed to read DnsConfig.
[0512/150342.488:WARNING:dns_config_service_win.cc(700)] Failed to read DnsConfig.
[0512/150342.723:WARNING:dns_config_service_win.cc(700)] Failed to read DnsConfig.
[0512/150345.114:WARNING:dns_config_service_win.cc(700)] Failed to read DnsConfig.
[0512/150345.138:WARNING:dns_config_service_win.cc(700)] Failed to read DnsConfig.
[0512/150345.638:WARNING:dns_config_service_win.cc(700)] Failed to read DnsConfig.
[0512/150347.498:WARNING:dns_config_service_win.cc(700)] Failed to read DnsConfig.
[0512/150347.732:WARNING:dns_config_service_win.cc(700)] Failed to read DnsConfig.
[0512/150350.123:WARNING:dns_config_service_win.cc(700)] Failed to read DnsConfig.
[0512/150350.147:WARNING:dns_config_service_win.cc(700)] Failed to read DnsConfig.
[0512/150350.647:WARNING:dns_config_service_win.cc(700)] Failed to read DnsConfig.
[0512/150352.507:WARNING:dns_config_service_win.cc(700)] Failed to read DnsConfig.
[0512/150352.742:WARNING:dns_config_service_win.cc(700)] Failed to read DnsConfig.
[0512/150355.133:WARNING:dns_config_service_win.cc(700)] Failed to read DnsConfig.
[0512/150355.157:WARNING:dns_config_service_win.cc(700)] Failed to read DnsConfig.
[0512/150355.657:WARNING:dns_config_service_win.cc(700)] Failed to read DnsConfig.
[0512/150357.517:WARNING:dns_config_service_win.cc(700)] Failed to read DnsConfig.
[0512/150357.752:WARNING:dns_config_service_win.cc(700)] Failed to read DnsConfig.
[0512/150400.143:WARNING:dns_config_service_win.cc(700)] Failed to read DnsConfig.
[0512/150400.174:WARNING:dns_config_service_win.cc(700)] Failed to read DnsConfig.
[0512/150400.674:WARNING:dns_config_service_win.cc(700)] Failed to read DnsConfig.
[0512/150402.535:WARNING:dns_config_service_win.cc(700)] Failed to read DnsConfig.
[0512/150402.771:WARNING:dns_config_service_win.cc(700)] Failed to read DnsConfig.
[0512/150405.161:WARNING:dns_config_service_win.cc(700)] Failed to read DnsConfig.
[0512/150405.193:WARNING:dns_config_service_win.cc(700)] Failed to read DnsConfig.
[0512/150405.677:WARNING:dns_config_service_win.cc(700)] Failed to read DnsConfig.
[0512/150407.553:WARNING:dns_config_service_win.cc(700)] Failed to read DnsConfig.
[0512/150407.787:WARNING:dns_config_service_win.cc(700)] Failed to read DnsConfig.
[0512/150410.179:WARNING:dns_config_service_win.cc(700)] Failed to read DnsConfig.
[0512/150410.210:WARNING:dns_config_service_win.cc(700)] Failed to read DnsConfig.
[0512/150410.695:WARNING:dns_config_service_win.cc(700)] Failed to read DnsConfig.
[0512/150412.571:WARNING:dns_config_service_win.cc(700)] Failed to read DnsConfig.
[0512/150412.805:WARNING:dns_config_service_win.cc(700)] Failed to read DnsConfig.
[0512/150415.196:WARNING:dns_config_service_win.cc(700)] Failed to read DnsConfig.
[0512/150415.227:WARNING:dns_config_service_win.cc(700)] Failed to read DnsConfig.
[0512/150415.711:WARNING:dns_config_service_win.cc(700)] Failed to read DnsConfig.
[0512/150417.587:WARNING:dns_config_service_win.cc(700)] Failed to read DnsConfig.
[0512/150417.822:WARNING:dns_config_service_win.cc(700)] Failed to read DnsConfig.
[0512/150420.214:WARNING:dns_config_service_win.cc(700)] Failed to read DnsConfig.
[0512/150420.239:WARNING:dns_config_service_win.cc(700)] Failed to read DnsConfig.
[0512/150420.727:WARNING:dns_config_service_win.cc(700)] Failed to read DnsConfig.
[0512/150422.595:WARNING:dns_config_service_win.cc(700)] Failed to read DnsConfig.
[0512/150422.832:WARNING:dns_config_service_win.cc(700)] Failed to read DnsConfig.
[0512/150425.231:WARNING:dns_config_service_win.cc(700)] Failed to read DnsConfig.
[0512/150425.246:WARNING:dns_config_service_win.cc(700)] Failed to read DnsConfig.
[0512/150425.733:WARNING:dns_config_service_win.cc(700)] Failed to read DnsConfig.
[0512/150427.606:WARNING:dns_config_service_win.cc(700)] Failed to read DnsConfig.
[0512/150427.841:WARNING:dns_config_service_win.cc(700)] Failed to read DnsConfig.
[0512/150430.237:WARNING:dns_config_service_win.cc(700)] Failed to read DnsConfig.
[0512/150430.252:WARNING:dns_config_service_win.cc(700)] Failed to read DnsConfig.
[0512/150430.737:WARNING:dns_config_service_win.cc(700)] Failed to read DnsConfig.
[0512/150432.612:WARNING:dns_config_service_win.cc(700)] Failed to read DnsConfig.
[0512/150432.847:WARNING:dns_config_service_win.cc(700)] Failed to read DnsConfig.
[0512/150435.253:WARNING:dns_config_service_win.cc(700)] Failed to read DnsConfig.
[0512/150435.269:WARNING:dns_config_service_win.cc(700)] Failed to read DnsConfig.
[0512/150435.742:WARNING:dns_config_service_win.cc(700)] Failed to read DnsConfig.
[0512/150437.626:WARNING:dns_config_service_win.cc(700)] Failed to read DnsConfig.
[0512/150437.860:WARNING:dns_config_service_win.cc(700)] Failed to read DnsConfig.
[0512/150440.264:WARNING:dns_config_service_win.cc(700)] Failed to read DnsConfig.
[0512/150440.280:WARNING:dns_config_service_win.cc(700)] Failed to read DnsConfig.
[0512/150440.749:WARNING:dns_config_service_win.cc(700)] Failed to read DnsConfig.
[0512/150442.639:WARNING:dns_config_service_win.cc(700)] Failed to read DnsConfig.
[0512/150442.874:WARNING:dns_config_service_win.cc(700)] Failed to read DnsConfig.
[0512/150445.280:WARNING:dns_config_service_win.cc(700)] Failed to read DnsConfig.
[0512/150445.296:WARNING:dns_config_service_win.cc(700)] Failed to read DnsConfig.
[0512/150445.765:WARNING:dns_config_service_win.cc(700)] Failed to read DnsConfig.
[0512/150447.656:WARNING:dns_config_service_win.cc(700)] Failed to read DnsConfig.
[0512/150447.890:WARNING:dns_config_service_win.cc(700)] Failed to read DnsConfig.
[0512/150450.297:WARNING:dns_config_service_win.cc(700)] Failed to read DnsConfig.
[0512/150450.312:WARNING:dns_config_service_win.cc(700)] Failed to read DnsConfig.
[0512/150450.781:WARNING:dns_config_service_win.cc(700)] Failed to read DnsConfig.
[0512/150452.673:WARNING:dns_config_service_win.cc(700)] Failed to read DnsConfig.
[0512/150452.907:WARNING:dns_config_service_win.cc(700)] Failed to read DnsConfig.
[0512/150455.314:WARNING:dns_config_service_win.cc(700)] Failed to read DnsConfig.
[0512/150455.330:WARNING:dns_config_service_win.cc(700)] Failed to read DnsConfig.
[0512/150455.799:WARNING:dns_config_service_win.cc(700)] Failed to read DnsConfig.
[0512/150457.689:WARNING:dns_config_service_win.cc(700)] Failed to read DnsConfig.
[0512/150457.924:WARNING:dns_config_service_win.cc(700)] Failed to read DnsConfig.
[0512/150500.331:WARNING:dns_config_service_win.cc(700)] Failed to read DnsConfig.
[0512/150500.347:WARNING:dns_config_service_win.cc(700)] Failed to read DnsConfig.
[0512/150500.816:WARNING:dns_config_service_win.cc(700)] Failed to read DnsConfig.
[0512/150502.692:WARNING:dns_config_service_win.cc(700)] Failed to read DnsConfig.
[0512/150502.942:WARNING:dns_config_service_win.cc(700)] Failed to read DnsConfig.
[0512/150505.348:WARNING:dns_config_service_win.cc(700)] Failed to read DnsConfig.
[0512/150505.363:WARNING:dns_config_service_win.cc(700)] Failed to read DnsConfig.
[0512/150505.832:WARNING:dns_config_service_win.cc(700)] Failed to read DnsConfig.
[0512/150507.708:WARNING:dns_config_service_win.cc(700)] Failed to read DnsConfig.
[0512/150507.958:WARNING:dns_config_service_win.cc(700)] Failed to read DnsConfig.
[0512/150510.364:WARNING:dns_config_service_win.cc(700)] Failed to read DnsConfig.
[0512/150510.380:WARNING:dns_config_service_win.cc(700)] Failed to read DnsConfig.
[0512/150510.849:WARNING:dns_config_service_win.cc(700)] Failed to read DnsConfig.
[0512/150512.724:WARNING:dns_config_service_win.cc(700)] Failed to read DnsConfig.
[0512/150512.974:WARNING:dns_config_service_win.cc(700)] Failed to read DnsConfig.
[0512/150515.381:WARNING:dns_config_service_win.cc(700)] Failed to read DnsConfig.
[0512/150515.397:WARNING:dns_config_service_win.cc(700)] Failed to read DnsConfig.
[0512/150515.865:WARNING:dns_config_service_win.cc(700)] Failed to read DnsConfig.
[0512/150517.742:WARNING:dns_config_service_win.cc(700)] Failed to read DnsConfig.
[0512/150517.991:WARNING:dns_config_service_win.cc(700)] Failed to read DnsConfig.
[0512/150520.398:WARNING:dns_config_service_win.cc(700)] Failed to read DnsConfig.
[0512/150520.414:WARNING:dns_config_service_win.cc(700)] Failed to read DnsConfig.
[0512/150520.882:WARNING:dns_config_service_win.cc(700)] Failed to read DnsConfig.
[0512/150522.758:WARNING:dns_config_service_win.cc(700)] Failed to read DnsConfig.
[0512/150523.008:WARNING:dns_config_service_win.cc(700)] Failed to read DnsConfig.
[0512/150525.414:WARNING:dns_config_service_win.cc(700)] Failed to read DnsConfig.
[0512/150525.430:WARNING:dns_config_service_win.cc(700)] Failed to read DnsConfig.
[0512/150525.899:WARNING:dns_config_service_win.cc(700)] Failed to read DnsConfig.
[0512/150527.774:WARNING:dns_config_service_win.cc(700)] Failed to read DnsConfig.
[0512/150528.024:WARNING:dns_config_service_win.cc(700)] Failed to read DnsConfig.
[0512/150530.432:WARNING:dns_config_service_win.cc(700)] Failed to read DnsConfig.
[0512/150530.447:WARNING:dns_config_service_win.cc(700)] Failed to read DnsConfig.
[0512/150530.916:WARNING:dns_config_service_win.cc(700)] Failed to read DnsConfig.
[0512/150532.792:WARNING:dns_config_service_win.cc(700)] Failed to read DnsConfig.
[0512/150533.042:WARNING:dns_config_service_win.cc(700)] Failed to read DnsConfig.
[0512/150535.449:WARNING:dns_config_service_win.cc(700)] Failed to read DnsConfig.
[0512/150535.464:WARNING:dns_config_service_win.cc(700)] Failed to read DnsConfig.
[0512/150535.933:WARNING:dns_config_service_win.cc(700)] Failed to read DnsConfig.
[0512/150537.808:WARNING:dns_config_service_win.cc(700)] Failed to read DnsConfig.
[0512/150538.058:WARNING:dns_config_service_win.cc(700)] Failed to read DnsConfig.
[0512/150540.464:WARNING:dns_config_service_win.cc(700)] Failed to read DnsConfig.
[0512/150540.480:WARNING:dns_config_service_win.cc(700)] Failed to read DnsConfig.
[0512/150540.949:WARNING:dns_config_service_win.cc(700)] Failed to read DnsConfig.
[0512/150542.825:WARNING:dns_config_service_win.cc(700)] Failed to read DnsConfig.
[0512/150543.075:WARNING:dns_config_service_win.cc(700)] Failed to read DnsConfig.
[0512/150545.481:WARNING:dns_config_service_win.cc(700)] Failed to read DnsConfig.
[0512/150545.497:WARNING:dns_config_service_win.cc(700)] Failed to read DnsConfig.
[0512/150545.966:WARNING:dns_config_service_win.cc(700)] Failed to read DnsConfig.
[0512/150547.841:WARNING:dns_config_service_win.cc(700)] Failed to read DnsConfig.
[0512/150548.091:WARNING:dns_config_service_win.cc(700)] Failed to read DnsConfig.
[0512/150550.497:WARNING:dns_config_service_win.cc(700)] Failed to read DnsConfig.
[0512/150550.513:WARNING:dns_config_service_win.cc(700)] Failed to read DnsConfig.
[0512/150550.982:WARNING:dns_config_service_win.cc(700)] Failed to read DnsConfig.
[0512/150552.857:WARNING:dns_config_service_win.cc(700)] Failed to read DnsConfig.
[0512/150553.107:WARNING:dns_config_service_win.cc(700)] Failed to read DnsConfig.
[0512/150555.508:WARNING:dns_config_service_win.cc(700)] Failed to read DnsConfig.
[0512/150555.523:WARNING:dns_config_service_win.cc(700)] Failed to read DnsConfig.
[0512/150555.995:WARNING:dns_config_service_win.cc(700)] Failed to read DnsConfig.
[0512/150557.860:WARNING:dns_config_service_win.cc(700)] Failed to read DnsConfig.
[0512/150558.110:WARNING:dns_config_service_win.cc(700)] Failed to read DnsConfig.
[0512/150600.526:WARNING:dns_config_service_win.cc(700)] Failed to read DnsConfig.
[0512/150600.541:WARNING:dns_config_service_win.cc(700)] Failed to read DnsConfig.
[0512/150601.010:WARNING:dns_config_service_win.cc(700)] Failed to read DnsConfig.
[0512/150602.871:WARNING:dns_config_service_win.cc(700)] Failed to read DnsConfig.
[0512/150603.121:WARNING:dns_config_service_win.cc(700)] Failed to read DnsConfig.
[0512/150605.544:WARNING:dns_config_service_win.cc(700)] Failed to read DnsConfig.
[0512/150605.560:WARNING:dns_config_service_win.cc(700)] Failed to read DnsConfig.
[0512/150606.013:WARNING:dns_config_service_win.cc(700)] Failed to read DnsConfig.
[0512/150607.890:WARNING:dns_config_service_win.cc(700)] Failed to read DnsConfig.
[0512/150608.142:WARNING:dns_config_service_win.cc(700)] Failed to read DnsConfig.
[0512/150610.561:WARNING:dns_config_service_win.cc(700)] Failed to read DnsConfig.
[0512/150610.577:WARNING:dns_config_service_win.cc(700)] Failed to read DnsConfig.
[0512/150611.031:WARNING:dns_config_service_win.cc(700)] Failed to read DnsConfig.
[0512/150612.891:WARNING:dns_config_service_win.cc(700)] Failed to read DnsConfig.
[0512/150613.157:WARNING:dns_config_service_win.cc(700)] Failed to read DnsConfig.
[0512/150613.501:WARNING:dns_config_service_win.cc(700)] Failed to read DnsConfig.
[0512/150613.516:WARNING:dns_config_service_win.cc(700)] Failed to read DnsConfig.
[0512/150613.532:WARNING:dns_config_service_win.cc(700)] Failed to read DnsConfig.
[0512/150613.548:WARNING:dns_config_service_win.cc(700)] Failed to read DnsConfig.
[0512/150704.586:INFO:CONSOLE(0)] "Refused to display 'https://www.google.com/maps/place/Tunis/data=!4m2!3m1!1s0x12fd337f5e7ef543:0xd671924e714a0275?sa=X&ved=2ahUKEwjJ_-uOgKv3AhXMi_0HHQz9CKMQ8gF6BAgNEAE' in a frame because it set 'X-Frame-Options' to 'sameorigin'.", source: http://127.0.0.1:8000/ (0)
[0512/150704.642:WARNING:spdy_session.cc(3365)] Received HEADERS for invalid stream 1
[0512/151721.477:WARNING:dns_config_service_win.cc(700)] Failed to read DnsConfig.
[0512/151721.477:WARNING:dns_config_service_win.cc(700)] Failed to read DnsConfig.
[0512/151721.509:WARNING:dns_config_service_win.cc(700)] Failed to read DnsConfig.
[0512/151721.557:WARNING:dns_config_service_win.cc(700)] Failed to read DnsConfig.
[0512/151721.565:WARNING:dns_config_service_win.cc(700)] Failed to read DnsConfig.
[0512/152004.596:WARNING:dns_config_service_win.cc(700)] Failed to read DnsConfig.
[0512/152004.612:WARNING:dns_config_service_win.cc(700)] Failed to read DnsConfig.
[0512/152004.619:WARNING:dns_config_service_win.cc(700)] Failed to read DnsConfig.
[0512/152004.625:WARNING:dns_config_service_win.cc(700)] Failed to read DnsConfig.
[0512/153740.750:INFO:CONSOLE(0)] "Refused to display 'https://www.google.com/maps/place/Tunis/data=!4m2!3m1!1s0x12fd337f5e7ef543:0xd671924e714a0275?sa=X&ved=2ahUKEwjJ_-uOgKv3AhXMi_0HHQz9CKMQ8gF6BAgNEAE' in a frame because it set 'X-Frame-Options' to 'sameorigin'.", source: http://127.0.0.1:8000/ (0)
